Generated at 2013-12-22 18:34:04 +0000
Chef::Exceptions::InsufficientPermissions: directory[/var/cache/local] (apt::default line 75) had an error: Chef::Exceptions::InsufficientPermissions: Cannot create directory[/var/cache/local] at /var/cache/local due to insufficient permissions
/opt/chef/embedded/lib/ruby/gems/1.9.1/gems/chef-11.8.2/lib/chef/mixin/why_run.rb:241:in `run'
/opt/chef/embedded/lib/ruby/gems/1.9.1/gems/chef-11.8.2/lib/chef/mixin/why_run.rb:322:in `block in run'
/opt/chef/embedded/lib/ruby/gems/1.9.1/gems/chef-11.8.2/lib/chef/mixin/why_run.rb:321:in `each'
/opt/chef/embedded/lib/ruby/gems/1.9.1/gems/chef-11.8.2/lib/chef/mixin/why_run.rb:321:in `run'
/opt/chef/embedded/lib/ruby/gems/1.9.1/gems/chef-11.8.2/lib/chef/provider.rb:128:in `process_resource_requirements'
/opt/chef/embedded/lib/ruby/gems/1.9.1/gems/chef-11.8.2/lib/chef/provider.rb:104:in `run_action'
/opt/chef/embedded/lib/ruby/gems/1.9.1/gems/chef-11.8.2/lib/chef/resource.rb:625:in `run_action'
/opt/chef/embedded/lib/ruby/gems/1.9.1/gems/chef-11.8.2/lib/chef/runner.rb:49:in `run_action'
/opt/chef/embedded/lib/ruby/gems/1.9.1/gems/chef-11.8.2/lib/chef/runner.rb:81:in `block (2 levels) in converge'
/opt/chef/embedded/lib/ruby/gems/1.9.1/gems/chef-11.8.2/lib/chef/runner.rb:81:in `each'
/opt/chef/embedded/lib/ruby/gems/1.9.1/gems/chef-11.8.2/lib/chef/runner.rb:81:in `block in converge'
/opt/chef/embedded/lib/ruby/gems/1.9.1/gems/chef-11.8.2/lib/chef/resource_collection.rb:98:in `block in execute_each_resource'
/opt/chef/embedded/lib/ruby/gems/1.9.1/gems/chef-11.8.2/lib/chef/resource_collection/stepable_iterator.rb:116:in `call'
/opt/chef/embedded/lib/ruby/gems/1.9.1/gems/chef-11.8.2/lib/chef/resource_collection/stepable_iterator.rb:116:in `call_iterator_block'
/opt/chef/embedded/lib/ruby/gems/1.9.1/gems/chef-11.8.2/lib/chef/resource_collection/stepable_iterator.rb:85:in `step'
/opt/chef/embedded/lib/ruby/gems/1.9.1/gems/chef-11.8.2/lib/chef/resource_collection/stepable_iterator.rb:104:in `iterate'
/opt/chef/embedded/lib/ruby/gems/1.9.1/gems/chef-11.8.2/lib/chef/resource_collection/stepable_iterator.rb:55:in `each_with_index'
/opt/chef/embedded/lib/ruby/gems/1.9.1/gems/chef-11.8.2/lib/chef/resource_collection.rb:96:in `execute_each_resource'
/opt/chef/embedded/lib/ruby/gems/1.9.1/gems/chef-11.8.2/lib/chef/runner.rb:80:in `converge'
/opt/chef/embedded/lib/ruby/gems/1.9.1/gems/chef-11.8.2/lib/chef/client.rb:433:in `converge'
/opt/chef/embedded/lib/ruby/gems/1.9.1/gems/chef-11.8.2/lib/chef/client.rb:500:in `do_run'
/opt/chef/embedded/lib/ruby/gems/1.9.1/gems/chef-11.8.2/lib/chef/client.rb:199:in `block in run'
/opt/chef/embedded/lib/ruby/gems/1.9.1/gems/chef-11.8.2/lib/chef/client.rb:193:in `fork'
/opt/chef/embedded/lib/ruby/gems/1.9.1/gems/chef-11.8.2/lib/chef/client.rb:193:in `run'
/opt/chef/embedded/lib/ruby/gems/1.9.1/gems/chef-11.8.2/lib/chef/application.rb:208:in `run_chef_client'
/opt/chef/embedded/lib/ruby/gems/1.9.1/gems/chef-11.8.2/lib/chef/application/solo.rb:221:in `block in run_application'
/opt/chef/embedded/lib/ruby/gems/1.9.1/gems/chef-11.8.2/lib/chef/application/solo.rb:213:in `loop'
/opt/chef/embedded/lib/ruby/gems/1.9.1/gems/chef-11.8.2/lib/chef/application/solo.rb:213:in `run_application'
/opt/chef/embedded/lib/ruby/gems/1.9.1/gems/chef-11.8.2/lib/chef/application.rb:66:in `run'
/opt/chef/embedded/lib/ruby/gems/1.9.1/gems/chef-11.8.2/bin/chef-solo:25:in `<top (required)>'
/usr/bin/chef-solo:23:in `load'
/usr/bin/chef-solo:23:in `<main>'